<?xml version="1.0" encoding="UTF-8"?>
<!-- Generated by org.testng.reporters.JUnitXMLReporter -->
<testsuite hostname="MacBook-Air-de-Diego.local" ignored="0" name="Default test" tests="2" failures="0" timestamp="26 abr 2019 17:01:57 GMT" time="103.767" errors="0">
  <testcase name="CT01_EfetuarNovoCalculo" time="31.544" classname="com.br.inmetrics.tests.android.TestAppCorreiosGherkin"/>
  <testcase name="CT02_AbrirCalculoSalvo" time="22.548" classname="com.br.inmetrics.tests.android.TestAppCorreiosGherkin"/>
</testsuite> <!-- Default test -->
